Performing C SOURCE FILE Test CMAKE_HAVE_LIBC_PTHREAD failed with the following output:
Change Dir: /home/sjtu_wanghaili/Monocular-Visual-Odometry/cmake-build-debug/CMakeFiles/CMakeTmp

Run Build Command(s):/usr/bin/make cmTC_3bd4f/fast && /usr/bin/make -f CMakeFiles/cmTC_3bd4f.dir/build.make CMakeFiles/cmTC_3bd4f.dir/build
make[1]: Entering directory '/home/sjtu_wanghaili/Monocular-Visual-Odometry/cmake-build-debug/CMakeFiles/CMakeTmp'
Building C object CMakeFiles/cmTC_3bd4f.dir/src.c.o
/usr/bin/cc   -DCMAKE_HAVE_LIBC_PTHREAD   -o CMakeFiles/cmTC_3bd4f.dir/src.c.o   -c /home/sjtu_wanghaili/Monocular-Visual-Odometry/cmake-build-debug/CMakeFiles/CMakeTmp/src.c
Linking C executable cmTC_3bd4f
/home/sjtu_wanghaili/.local/share/JetBrains/Toolbox/apps/CLion/ch-0/201.7223.86/bin/cmake/linux/bin/cmake -E cmake_link_script CMakeFiles/cmTC_3bd4f.dir/link.txt --verbose=1
/usr/bin/cc  -DCMAKE_HAVE_LIBC_PTHREAD    -rdynamic CMakeFiles/cmTC_3bd4f.dir/src.c.o  -o cmTC_3bd4f 
CMakeFiles/cmTC_3bd4f.dir/src.c.o: In function `main':
src.c:(.text+0x3e): undefined reference to `pthread_create'
src.c:(.text+0x4a): undefined reference to `pthread_detach'
src.c:(.text+0x5b): undefined reference to `pthread_join'
src.c:(.text+0x6f): undefined reference to `pthread_atfork'
collect2: error: ld returned 1 exit status
CMakeFiles/cmTC_3bd4f.dir/build.make:86: recipe for target 'cmTC_3bd4f' failed
make[1]: *** [cmTC_3bd4f] Error 1
make[1]: Leaving directory '/home/sjtu_wanghaili/Monocular-Visual-Odometry/cmake-build-debug/CMakeFiles/CMakeTmp'
Makefile:121: recipe for target 'cmTC_3bd4f/fast' failed
make: *** [cmTC_3bd4f/fast] Error 2


Source file was:
#include <pthread.h>

void* test_func(void* data)
{
  return data;
}

int main(void)
{
  pthread_t thread;
  pthread_create(&thread, NULL, test_func, NULL);
  pthread_detach(thread);
  pthread_join(thread, NULL);
  pthread_atfork(NULL, NULL, NULL);
  pthread_exit(NULL);

  return 0;
}

Determining if the function pthread_create exists in the pthreads failed with the following output:
Change Dir: /home/sjtu_wanghaili/Monocular-Visual-Odometry/cmake-build-debug/CMakeFiles/CMakeTmp

Run Build Command(s):/usr/bin/make cmTC_914ba/fast && /usr/bin/make -f CMakeFiles/cmTC_914ba.dir/build.make CMakeFiles/cmTC_914ba.dir/build
make[1]: Entering directory '/home/sjtu_wanghaili/Monocular-Visual-Odometry/cmake-build-debug/CMakeFiles/CMakeTmp'
Building C object CMakeFiles/cmTC_914ba.dir/CheckFunctionExists.c.o
/usr/bin/cc   -DCHECK_FUNCTION_EXISTS=pthread_create   -o CMakeFiles/cmTC_914ba.dir/CheckFunctionExists.c.o   -c /home/sjtu_wanghaili/.local/share/JetBrains/Toolbox/apps/CLion/ch-0/201.7223.86/bin/cmake/linux/share/cmake-3.16/Modules/CheckFunctionExists.c
Linking C executable cmTC_914ba
/home/sjtu_wanghaili/.local/share/JetBrains/Toolbox/apps/CLion/ch-0/201.7223.86/bin/cmake/linux/bin/cmake -E cmake_link_script CMakeFiles/cmTC_914ba.dir/link.txt --verbose=1
/usr/bin/cc  -DCHECK_FUNCTION_EXISTS=pthread_create    -rdynamic CMakeFiles/cmTC_914ba.dir/CheckFunctionExists.c.o  -o cmTC_914ba  -lpthreads 
/usr/bin/ld: cannot find -lpthreads
collect2: error: ld returned 1 exit status
CMakeFiles/cmTC_914ba.dir/build.make:86: recipe for target 'cmTC_914ba' failed
make[1]: *** [cmTC_914ba] Error 1
make[1]: Leaving directory '/home/sjtu_wanghaili/Monocular-Visual-Odometry/cmake-build-debug/CMakeFiles/CMakeTmp'
Makefile:121: recipe for target 'cmTC_914ba/fast' failed
make: *** [cmTC_914ba/fast] Error 2



